#-----------------------------------------------------------
# Vivado v2018.2 (64-bit)
# SW Build 2258646 on Thu Jun 14 20:03:12 MDT 2018
# IP Build 2256618 on Thu Jun 14 22:10:49 MDT 2018
# Start of session at: Wed Apr  6 11:35:14 2022
# Process ID: 22340
# Current directory: C:/Xilinx/EE2026/project_EE
# Command line: vivado.exe -gui_launcher_event rodinguilauncherevent1600 C:\Xilinx\EE2026\project_EE\project_EE.xpr
# Log file: C:/Xilinx/EE2026/project_EE/vivado.log
# Journal file: C:/Xilinx/EE2026/project_EE\vivado.jou
#-----------------------------------------------------------
start_gui
open_project C:/Xilinx/EE2026/project_EE/project_EE.xpr
Scanning sources...
Finished scanning sources
INFO: [IP_Flow 19-234] Refreshing IP repositories
INFO: [IP_Flow 19-1704] No user IP repositories specified
INFO: [IP_Flow 19-2313] Loaded Vivado IP repository 'C:/Xilinx/Vivado/2018.2/data/ip'.
open_project: Time (s): cpu = 00:00:22 ; elapsed = 00:00:08 . Memory (MB): peak = 917.699 ; gain = 166.238
update_compile_order -fileset sources_1
archive_project {C:/Xilinx/EE2026/S1_10_Ang Jia Le Marcus_Wilson Ng Jing An_Archive.xpr.zip} -temp_dir C:/Xilinx/EE2026/project_EE/.Xil/Vivado-22340-LAPTOP-S1RS66RO -force -include_local_ip_cache -include_config_settings
INFO: [Coretcl 2-137] starting archive...
INFO: [Coretcl 2-1499] Saving project copy to temporary location 'C:/Xilinx/EE2026/project_EE/.Xil/Vivado-22340-LAPTOP-S1RS66RO' for archiving project
Scanning sources...
Finished scanning sources
INFO: [Coretcl 2-1211] Creating project copy for archival...
INFO: [Coretcl 2-1213] Including run results for 'synth_1'
INFO: [Coretcl 2-1213] Including run results for 'impl_1'
